<?xml version="1.0" encoding="UTF-8"?>
<testng-results skipped="0" failed="0" total="0" passed="0">
  <reporter-output>
  </reporter-output>
  <suite name="Suit 1" duration-ms="1226" started-at="2022-09-01T18:33:25Z" finished-at="2022-09-01T18:33:26Z">
    <groups>
      <group name="cucumber">
        <method signature="AbstractTestNGCucumberTests.runScenario(io.cucumber.testng.PickleWrapper, io.cucumber.testng.FeatureWrapper)[pri:0, instance:Runners._08_TestRunnerParallel_MasterReport@598067a5]" name="runScenario" class="io.cucumber.testng.AbstractTestNGCucumberTests"/>
        <method signature="AbstractTestNGCucumberTests.runScenario(io.cucumber.testng.PickleWrapper, io.cucumber.testng.FeatureWrapper)[pri:0, instance:Runners._08_TestRunnerParallel_MasterReport@25bbe1b6]" name="runScenario" class="io.cucumber.testng.AbstractTestNGCucumberTests"/>
      </group> <!-- cucumber -->
    </groups>
    <test name="Test 2" duration-ms="1226" started-at="2022-09-01T18:33:25Z" finished-at="2022-09-01T18:33:26Z">
      <class name="Runners._08_TestRunnerParallel_MasterReport">
        <test-method status="PASS" signature="setUpClass(org.testng.ITestContext)[pri:0, instance:Runners._08_TestRunnerParallel_MasterReport@25bbe1b6]" name="setUpClass" is-config="true" duration-ms="1121" started-at="2022-09-01T21:33:25Z" finished-at="2022-09-01T21:33:26Z">
          <params>
            <param index="0">
              <value>
                <![CDATA[org.testng.TestRunner@6e1ec318]]>
              </value>
            </param>
          </params>
          <reporter-output>
          </reporter-output>
        </test-method> <!-- setUpClass -->
        <test-method status="PASS" signature="beforeClass(java.lang.String)[pri:0, instance:Runners._08_TestRunnerParallel_MasterReport@25bbe1b6]" name="beforeClass" is-config="true" duration-ms="8" started-at="2022-09-01T21:33:26Z" finished-at="2022-09-01T21:33:26Z">
          <params>
            <param index="0">
              <value>
                <![CDATA[chrome]]>
              </value>
            </param>
          </params>
          <reporter-output>
          </reporter-output>
        </test-method> <!-- beforeClass -->
        <test-method status="PASS" signature="tearDownClass()[pri:0, instance:Runners._08_TestRunnerParallel_MasterReport@25bbe1b6]" name="tearDownClass" is-config="true" duration-ms="79" started-at="2022-09-01T21:33:26Z" finished-at="2022-09-01T21:33:26Z">
          <reporter-output>
          </reporter-output>
        </test-method> <!-- tearDownClass -->
      </class> <!-- Runners._08_TestRunnerParallel_MasterReport -->
    </test> <!-- Test 2 -->
    <test name="Test 1" duration-ms="1226" started-at="2022-09-01T18:33:25Z" finished-at="2022-09-01T18:33:26Z">
      <class name="Runners._08_TestRunnerParallel_MasterReport">
        <test-method status="PASS" signature="setUpClass(org.testng.ITestContext)[pri:0, instance:Runners._08_TestRunnerParallel_MasterReport@598067a5]" name="setUpClass" is-config="true" duration-ms="1122" started-at="2022-09-01T21:33:25Z" finished-at="2022-09-01T21:33:26Z">
          <params>
            <param index="0">
              <value>
                <![CDATA[org.testng.TestRunner@7e0b0338]]>
              </value>
            </param>
          </params>
          <reporter-output>
          </reporter-output>
        </test-method> <!-- setUpClass -->
        <test-method status="PASS" signature="beforeClass(java.lang.String)[pri:0, instance:Runners._08_TestRunnerParallel_MasterReport@598067a5]" name="beforeClass" is-config="true" duration-ms="8" started-at="2022-09-01T21:33:26Z" finished-at="2022-09-01T21:33:26Z">
          <params>
            <param index="0">
              <value>
                <![CDATA[firefox]]>
              </value>
            </param>
          </params>
          <reporter-output>
          </reporter-output>
        </test-method> <!-- beforeClass -->
        <test-method status="PASS" signature="tearDownClass()[pri:0, instance:Runners._08_TestRunnerParallel_MasterReport@598067a5]" name="tearDownClass" is-config="true" duration-ms="80" started-at="2022-09-01T21:33:26Z" finished-at="2022-09-01T21:33:26Z">
          <reporter-output>
          </reporter-output>
        </test-method> <!-- tearDownClass -->
      </class> <!-- Runners._08_TestRunnerParallel_MasterReport -->
    </test> <!-- Test 1 -->
  </suite> <!-- Suit 1 -->
</testng-results>
